# JRE version: OpenJDK Runtime Environment Zulu16.32+15-CA (16.0.2+7) (build 16.0.2+7)
# Java VM: OpenJDK 64-Bit Server VM Zulu16.32+15-CA (16.0.2+7, mixed mode, tiered, compressed oops, compressed class ptrs, g1 gc, bsd-aarch64)
GC Precious Log:
 CPUs: 12 total, 12 available
 Memory: 65536M
 Large Page Support: Disabled
 NUMA Support: Disabled
 Compressed Oops: Enabled (Zero based)
 Heap Region Size: 1M
 Heap Min Capacity: 8M
 Heap Initial Capacity: 512M
 Heap Max Capacity: 512M
 Pre-touch: Disabled
 Parallel Workers: 10
 Concurrent Workers: 3
 Concurrent Refinement Workers: 10
 Periodic GC: Disabled
Heap:
 garbage-first heap   total 290816K, used 38280K [0x00000007a0000000, 0x00000007c0000000)
  region size 1024K, 26 young (26624K), 3 survivors (3072K)
 Metaspace       used 32463K, committed 32832K, reserved 1081344K
  class space    used 3495K, committed 3648K, reserved 1048576K
GC Heap History (16 events):
Event: 0.243 GC heap before
{Heap before GC invocations=0 (full 0):
 garbage-first heap   total 524288K, used 24576K [0x00000007a0000000, 0x00000007c0000000)
  region size 1024K, 25 young (25600K), 0 survivors (0K)
 Metaspace       used 9619K, committed 9856K, reserved 1064960K
  class space    used 858K, committed 960K, reserved 1048576K
}
Event: 0.246 GC heap after
{Heap after GC invocations=1 (full 0):
 garbage-first heap   total 524288K, used 8936K [0x00000007a0000000, 0x00000007c0000000)
  region size 1024K, 4 young (4096K), 4 survivors (4096K)
 Metaspace       used 9619K, committed 9856K, reserved 1064960K
  class space    used 858K, committed 960K, reserved 1048576K
}
Event: 0.388 GC heap before
{Heap before GC invocations=1 (full 0):
 garbage-first heap   total 524288K, used 35560K [0x00000007a0000000, 0x00000007c0000000)
  region size 1024K, 30 young (30720K), 4 survivors (4096K)
 Metaspace       used 14019K, committed 14272K, reserved 1064960K
  class space    used 1368K, committed 1472K, reserved 1048576K
}
Event: 0.390 GC heap after
{Heap after GC invocations=2 (full 0):
 garbage-first heap   total 524288K, used 10901K [0x00000007a0000000, 0x00000007c0000000)
  region size 1024K, 2 young (2048K), 2 survivors (2048K)
 Metaspace       used 14019K, committed 14272K, reserved 1064960K
  class space    used 1368K, committed 1472K, reserved 1048576K
}
Event: 0.700 GC heap before
{Heap before GC invocations=2 (full 0):
 garbage-first heap   total 524288K, used 115349K [0x00000007a0000000, 0x00000007c0000000)
  region size 1024K, 105 young (107520K), 2 survivors (2048K)
 Metaspace       used 20916K, committed 21248K, reserved 1073152K
  class space    used 2221K, committed 2368K, reserved 1048576K
}
Event: 0.702 GC heap after
{Heap after GC invocations=3 (full 0):
 garbage-first heap   total 524288K, used 12657K [0x00000007a0000000, 0x00000007c0000000)
  region size 1024K, 4 young (4096K), 4 survivors (4096K)
 Metaspace       used 20916K, committed 21248K, reserved 1073152K
  class space    used 2221K, committed 2368K, reserved 1048576K
}
Event: 0.802 GC heap before
{Heap before GC invocations=4 (full 0):
 garbage-first heap   total 51200K, used 50545K [0x00000007a0000000, 0x00000007c0000000)
  region size 1024K, 41 young (41984K), 4 survivors (4096K)
 Metaspace       used 24202K, committed 24640K, reserved 1073152K
  class space    used 2599K, committed 2816K, reserved 1048576K
}
Event: 0.804 GC heap after
{Heap after GC invocations=5 (full 0):
 garbage-first heap   total 56320K, used 13479K [0x00000007a0000000, 0x00000007c0000000)
  region size 1024K, 5 young (5120K), 5 survivors (5120K)
 Metaspace       used 24202K, committed 24640K, reserved 1073152K
  class space    used 2599K, committed 2816K, reserved 1048576K
}
Event: 0.889 GC heap before
{Heap before GC invocations=5 (full 0):
 garbage-first heap   total 56320K, used 37031K [0x00000007a0000000, 0x00000007c0000000)
  region size 1024K, 28 young (28672K), 5 survivors (5120K)
 Metaspace       used 26723K, committed 27136K, reserved 1081344K
  class space    used 2881K, committed 3072K, reserved 1048576K
}
Event: 0.891 GC heap after
{Heap after GC invocations=6 (full 0):
 garbage-first heap   total 56320K, used 14270K [0x00000007a0000000, 0x00000007c0000000)
  region size 1024K, 2 young (2048K), 2 survivors (2048K)
 Metaspace       used 26723K, committed 27136K, reserved 1081344K
  class space    used 2881K, committed 3072K, reserved 1048576K
}
Event: 0.975 GC heap before
{Heap before GC invocations=6 (full 0):
 garbage-first heap   total 56320K, used 36798K [0x00000007a0000000, 0x00000007c0000000)
  region size 1024K, 25 young (25600K), 2 survivors (2048K)
 Metaspace       used 28701K, committed 29120K, reserved 1081344K
  class space    used 3049K, committed 3264K, reserved 1048576K
}
Event: 0.976 GC heap after
{Heap after GC invocations=7 (full 0):
 garbage-first heap   total 56320K, used 14610K [0x00000007a0000000, 0x00000007c0000000)
  region size 1024K, 3 young (3072K), 3 survivors (3072K)
 Metaspace       used 28701K, committed 29120K, reserved 1081344K
  class space    used 3049K, committed 3264K, reserved 1048576K
}
Event: 1.030 GC heap before
{Heap before GC invocations=7 (full 0):
 garbage-first heap   total 56320K, used 39186K [0x00000007a0000000, 0x00000007c0000000)
  region size 1024K, 27 young (27648K), 3 survivors (3072K)
 Metaspace       used 30160K, committed 30592K, reserved 1081344K
  class space    used 3243K, committed 3456K, reserved 1048576K
}
Event: 1.031 GC heap after
{Heap after GC invocations=8 (full 0):
 garbage-first heap   total 56320K, used 15034K [0x00000007a0000000, 0x00000007c0000000)
  region size 1024K, 3 young (3072K), 3 survivors (3072K)
 Metaspace       used 30160K, committed 30592K, reserved 1081344K
  class space    used 3243K, committed 3456K, reserved 1048576K
}
Event: 1.078 GC heap before
{Heap before GC invocations=8 (full 0):
 garbage-first heap   total 56320K, used 41658K [0x00000007a0000000, 0x00000007c0000000)
  region size 1024K, 29 young (29696K), 3 survivors (3072K)
 Metaspace       used 31356K, committed 31680K, reserved 1081344K
  class space    used 3375K, committed 3520K, reserved 1048576K
}
Event: 1.079 GC heap after
{Heap after GC invocations=9 (full 0):
 garbage-first heap   total 290816K, used 15752K [0x00000007a0000000, 0x00000007c0000000)
  region size 1024K, 3 young (3072K), 3 survivors (3072K)
 Metaspace       used 31356K, committed 31680K, reserved 1081344K
  class space    used 3375K, committed 3520K, reserved 1048576K
}

